ESMFold Unified Container Builder
=================================

[0;32mUsing compressed runtime: /nfs/ml_lab/projects/ml_lab/cepi/alphafold/runtime/patric.tar.gz[0m
Building unified container...
  Runtime: /nfs/ml_lab/projects/ml_lab/cepi/alphafold/runtime/patric.tar.gz
  Output: /nfs/ml_lab/projects/ml_lab/cepi/alphafold/images/esmfold-bvbrc-20250917.sif

INFO:    Starting build...
INFO:    Verifying bootstrap image /nfs/ml_lab/projects/ml_lab/cepi/alphafold/images/esmfold.v0.1.sif
WARNING: integrity: signature not found for object group 1
WARNING: Bootstrap image could not be verified, but build will continue.
INFO:    Copying /nfs/ml_lab/projects/ml_lab/cepi/alphafold/runtime/patric.tar.gz to /tmp/patric-runtime.tar.gz
INFO:    Copying scripts/esm-fold-wrapper to /scripts/
INFO:    Copying service-scripts/App-ESMFold.pl to /service-scripts/
INFO:    Copying app_specs/ESMFold.json to /app_specs/
INFO:    Copying /nfs/ml_lab/projects/ml_lab/cepi/alphafold/dev_container/init.sh to /dev_container/
INFO:    Copying /nfs/ml_lab/projects/ml_lab/cepi/alphafold/dev_container/user-env.sh to /dev_container/
INFO:    Copying /nfs/ml_lab/projects/ml_lab/cepi/alphafold/dev_container/Makefile to /dev_container/
INFO:    Running post scriptlet
+ echo Installing PATRIC runtime and BV-BRC environment...
Installing PATRIC runtime and BV-BRC environment...
+ cd /
+ tar -xzf /tmp/patric-runtime.tar.gz
tar (child): /tmp/patric-runtime.tar.gz: Cannot open: No such file or directory
tar (child): Error is not recoverable: exiting now
tar: Child returned status 2
tar: Error is not recoverable: exiting now
FATAL:   While performing build: while running engine: exit status 2
[0;31mBuild failed![0m
